<?xml version="1.0" encoding="UTF-8"?>
<!-- Generated by org.testng.reporters.JUnitXMLReporter -->
<testsuite ignored="2" hostname="LAPTOP-0T7QINT9" failures="0" tests="2" name="Test2" time="16.871" errors="0" timestamp="2024-01-23T15:05:02 IST">
  <testcase classname="com.internetBanking.module.InternetBankingTest" name="internetBankingSmokeTest" time="1.568"/>
  <testcase classname="com.openAccount.module.OpenAccountEndToEndTest" name="openAccEnd_EndTest" time="10.758"/>
  <testcase classname="com.generic.libraries.BaseClass" name="@BeforeSuite dbConnection" time="0.0">
    <ignored/>
  </testcase> <!-- @BeforeSuite dbConnection -->
  <testcase classname="com.generic.libraries.BaseClass" name="@AfterSuite closedbConnection" time="0.0">
    <ignored/>
  </testcase> <!-- @AfterSuite closedbConnection -->
</testsuite> <!-- Test2 -->
