<?xml version="1.0" encoding="UTF-8"?>
<!-- Generated by org.testng.reporters.JUnitXMLReporter -->
<testsuite ignored="4" hostname="LAPTOP-0T7QINT9" failures="0" tests="4" name="Test1" time="23.289" errors="0" timestamp="2024-01-23T15:05:08 IST">
  <testcase classname="com.applyDebitCard.module.ApplyDebitCardTest" name="applyDebitCardEndToEnd" time="9.681"/>
  <testcase classname="com.creditCustomer.module.CreditCustomerTest" name="creditCustEndToEndTest" time="5.672"/>
  <testcase classname="com.openAccount.module.OpenAccountSmokeTest" name="OpenAccSmokeTest" time="1.377"/>
  <testcase classname="com.openAccount.module.OpenAccountSmokeTest" name="internetBankingSmokeTest" time="0.743"/>
  <testcase classname="com.generic.libraries.BaseClass" name="@BeforeSuite dbConnection" time="0.0">
    <ignored/>
  </testcase> <!-- @BeforeSuite dbConnection -->
  <testcase classname="com.generic.libraries.BaseClass" name="@AfterSuite closedbConnection" time="0.0">
    <ignored/>
  </testcase> <!-- @AfterSuite closedbConnection -->
  <testcase classname="com.generic.libraries.BaseClass" name="@AfterSuite closedbConnection" time="0.0">
    <ignored/>
  </testcase> <!-- @AfterSuite closedbConnection -->
  <testcase classname="com.generic.libraries.BaseClass" name="@BeforeSuite dbConnection" time="0.0">
    <ignored/>
  </testcase> <!-- @BeforeSuite dbConnection -->
</testsuite> <!-- Test1 -->
