<?xml version="1.0" encoding="UTF-8"?>
<testng-results ignored="0" total="1" passed="1" failed="0" skipped="0">
  <reporter-output>
  </reporter-output>
  <suite started-at="2024-01-24T09:32:19 IST" name="Default suite" finished-at="2024-01-24T09:33:30 IST" duration-ms="71404">
    <groups>
    </groups>
    <test started-at="2024-01-24T09:32:19 IST" name="Default test" finished-at="2024-01-24T09:33:30 IST" duration-ms="71404">
      <class name="delete.Runner">
        <test-method signature="irctcTest()[pri:0, instance:delete.Runner@7b2bbc3]" started-at="2024-01-24T09:32:19 IST" name="irctcTest" finished-at="2024-01-24T09:33:30 IST" duration-ms="71343" status="PASS">
          <reporter-output>
          </reporter-output>
        </test-method> <!-- irctcTest -->
      </class> <!-- delete.Runner -->
    </test> <!-- Default test -->
  </suite> <!-- Default suite -->
</testng-results>
